
P A U P *
Version 4.0a (build 159) for Macintosh (X86) (built on Nov 17 2017 at 08:59:52)

Running on IA-32 architecture (64-bit word length)
SSE vectorization enabled
SSSE3 instructions supported
Multithreading enabled for likelihood using Pthreads
Compiled using Intel compiler (icc) 11.1.0 (build 20091012)

        -----------------------------NOTICE-----------------------------
          This is an alpha-test version that is still changing rapidly.
          It will expire on 1 Apr 2018.

          Please report bugs to dave@phylosolutions.com
        ----------------------------------------------------------------

Processing of file "~/Dropbox (UNC Charlotte)/Bantu_CombinedData_dan/sixthtryonetree/sixthtry-mt/my_100repEfi_trees_GuthrieZones.root800jaghams6trymt.nex"
begins...

Warning! The following name has been assigned to more than one taxon:
         L342HembaMambwe

Data matrix has 130 taxa, 1 character
Valid character-state symbols: 0123456789ABCDEFGHJKMNPQRSTUVWXYZ
Missing data identified by '?'
Gaps identified by '-'

Warning! The following name has been assigned to more than one taxon:
         L342HembaMambwe

Character types changed:
  Of 1 total characters:
    All characters are of type 'unord'

*** Skipping "MESQUITECHARMODELS" block

1 tree read from TREES block; time used = 0.00 sec (CPU time = 0.00 sec)

Note: Input trees are rooted but current criterion and/or option settings would specify unrooted trees.  (You can deroot the trees using the 'DerootTrees'
      command.)

*** Skipping "MESQUITE" block

Processing of input file "my_100repEfi_trees_GuthrieZones.root800jaghams6trymt.nex" completed.

paup> outgroup 800Ejagham /only;

Outgroup status changed:
  1 taxon transferred to outgroup
  Total number of taxa now in outgroup = 1
  Number of ingroup taxa = 129

paup> describetrees 1/ root=outgroup apolist=yes;

Tree description:

  Optimality criterion = parsimony
    Character-status summary:
      Of 1 total characters:
        All characters are of type 'unord'
        All characters have equal weight
        All characters are parsimony-informative
    Gaps are treated as "missing"
    Character-state optimization: Accelerated transformation (ACCTRAN)
                                  AncStates = "standard"

Tree 1 ("Imported tree 1"):

Tree length = 16
Consistency index (CI) = 1.0000
Homoplasy index (HI) = 0.0000
Retention index (RI) = 1.0000
Rescaled consistency index (RC) = 1.0000

   /------------------------------------------------------------------------------------------------------------------------------------- 800Ejagham
   |
   |                    /---------------------------------------------------------------------------------------------------------------- A242Duala
   |                    |
   |                    |                 /---------------------------------------------------------------------------------------------- B11aMpongwe
   |                    |                 |
   |                    |                 |                                                                                          /--- B11cGalwa
   |                    |                 |         /------------------------------------------------------------------------------131
   |                    |                 |         |                                                                                \--- B25Kota
   |                    |                 |         |
   |                    |                 |         |                                                                                /--- B251Kota
   |                    |                 |         |      /-----------------------------------------------------------------------132
   |                    |                 |         |      |                                                                         \--- B51Duma
   |                    |                 |         |      |
   |                    |                 |         |      |             /--------------------------------------------------------------- C13Mbati
   |                    |                 |         |      |             |
   |                    |                 |         |      |             |          /---------------------------------------------------- D10SSonge
   |                    |                 |         |      |             |          |
   |                    |                 |         |      |             |          |      /--------------------------------------------- D241Binja
   |                    |                 |         |      |             |          |      |
   |                    |                 |         |      |             |          |      |  /------------------------------------------ D322Bira
   |                    |                 |         |      |             |          |      |  |
   |                    |                 |         |      |             |          |      |  |                                      /--- E51Gikuyu
   |                    |                 |         |      |             |          |      |  |                                  /-133
   |                    |                 |         |      |             |          |      |  |                                  |   \--- E731Digo
   |                    |                 |         |      |             |          |      |  |                               /134
   |                    |                 |         |      |             |          |      |  |                               |  \------- E72a1Giryama
   |                    |                 |         |      |             |          |      |  |                               |
   |                    |                 |         |      |             |          |      |  |             /---------------137      /--- E55Kamba
   |                    |                 |         |      |             |          |      |  |             |                 |  /-135
   |                    |                 |         |      |             |          |  /-159  |             |                 |  |   \--- E711Pokomo
   |                    |                 |         |      |             |          |  |   |  |             |                 \136
   |                    |                 |         |      |             |          |  |   |  |             |                    \------- E621Caga
   |                    |                 |         |      |             |          |  |   |  |             |
   |                    |                 |         |      |             |      /-161  |   |  |          /145   /------------------------ G11Gogo
   |                    |                 |         |      |             |      |   |  |   |  |          |  |   |
   |                    |                 |         |      |             |      |   |  |   |  |          |  |   |         /-------------- G12Kaguru
   |                    |                 |         |      |             |      |   |  |   |  |          |  |   |         |
   |                    |                 |         |      |             |      |   |  |   |  |          |  |   |      /141   /---------- G22Pare
   |                    |                 |         |      |             |      |   |  |   |  |          |  |   |      |  |   |
   |                    |                 |         |      |             |      |   |  |   |  |          |  \-144      |  \-140      /--- G34Ngulu
   |                    |                 |         |      |             |      |   |  |   |  |          |      |      |      |  /-138
   |                    |                 |         |      |             |      |   |  |   \158          |      |  /-142      |  |   \--- G43cHadimu
   |                    |                 |         |      |             |      |   |  |      |      /-148      |  |   |      \139
   |                    |                 |         |      |             |      |   |  |      |      |   |      |  |   |         \------- G35Luguru
   |                    |                 |         |      |             |      |   |  |      |      |   |      \143   |
   |                    |                 |         |      |             |      |   |  |      |      |   |         |   \----------------- G23Shambala
   |                    |                 |         |      |             |      |   |  |      |      |   |         |
   |                    |                 |         |      |             |      |   |  |      |      |   |         \--------------------- G31Zigula
   |                    |                 |         |      |             |      |   |  |      |      |   |
   |                    |                 |         |      |             |      |   |  |      |      |   |                           /--- F21Sukuma
   |                    |                 |         |      |             |      |   |  |      |      |   |                       /-146
   |                    |                 |         |      |             |      |   \160      |      |   |                       |   \--- F22Nyamwezi
   |                    |                 |         |      |             |      |      |      |      |   \---------------------147
   |                    |                 |         |      |             |      |      |      |      |                           \------- F23Sumbwa
   |                    |                 |         |      |             |   /162      |      |   /156
   |                    |                 |         |      |          /214   |  |      |      |   |  |                    /-------------- J13Hima
   |                    |                 |         |      |          |  |   |  |      |      |   |  |                    |
   |                    |                 |         |      |          |  |   |  |      |      |   |  |                 /152   /---------- J16Soga
   |                    |                 |         |      |          |  |   |  |      |      |   |  |                 |  |   |
   |                    |                 |         |      |          |  |   |  |      |      |   |  |                 |  \-151      /--- J22HHaya
   |                    |                 |         |      |          |  |   |  |      |      |   |  |                 |      |  /-149
   |                    |                 |         |      |          |  |   |  |      |      |   |  |                 |      |  |   \--- J23Zinza
   |                    |                 |         |      |          |  |   |  |      |      \-157  |             /-154      \150
   |                    |                 |         |      |          |  |   |  |      |          |  |             |   |         \------- J611Rwanda
   |                    |                 |         |      |          |  |   |  |      |          |  |             |   |
   |                    |                 |         |      |          |  |   |  |      |          |  \-----------155   |             /--- J15Ganda
   |                    |                 |         |      |          |  |   |  |      |          |                |   \-----------153
   |                    |                 |         |      |          |  |   |  |      |          |                |                 \--- J51Hunde
   |                    |                 |         |      |          |  |   |  |      |          |                |
   |                    |                 |         |      |          |  |   |  |      |          |                \--------------------- J53Shi
   |                    |                 |         |      |          |  |   |  |      |          |
   |                    |                 |         |      |          |  |   |  |      |          \-------------------------------------- J62Rundi
   |                    |                 |         |      |          |  |   |  |      |
   |                    |                 |         |      |          |  |   |  |      \------------------------------------------------- D372Kumu
   |                    |                 |         |      |          |  |   |  |
   |                    |                 |         |      |          |  |   |  \-------------------------------------------------------- D253Lega
   |                    |                 |         |      |          |  |   |
   |                    |                 |         |      |          |  |   |                                         /----------------- K11Ciokwe
   |                    |                 |         |      |          |  |   |                                         |
   |                    |                 |         |      |          |  |   |                                         |  /-------------- K15Mbunda
   |                    |                 |         |      |          |  |   |                                     /-167  |
   |                    |                 |         |      |          |  |   |                                     |   |  |          /--- R111Umbundu
   |                    |                 |      /236      |          |  |   |                                     |   \166      /-163
   |                    |                 |      |  |      |          |  |   |                                     |      |      |   \--- R31Herero
   |                    |                 |      |  |      |          |  |   |                                     |      |   /164
   |                    |                 |      |  |      |          |  |   |                                     |      \-165  \------- R22Ndonga
   |                    |                 |      |  |      |          |  |   |                                  /170          |
   |                    |                 |      |  |      |          |  |   |                                  |  |          \---------- R21Kwanyama
   |                    |                 |      |  |      |          |  |   |                                  |  |
   |                    |                 |      |  |      |          |  |   |                                  |  |                 /--- K14Lwena
   |                    |                 |      |  |      |          |  |   |                                  |  |             /-168
   |                    |                 |      |  |      |          |  |   |                                  |  |             |   \--- K222LundaMwinilunga
   |                    |                 |      |  |      |          |  |   |                                  |  \-----------169
   |                    |                 |      |  |      |          |  |   |         /----------------------175                \------- K19Gangela
   |                    |             /-239      |  |      |          |  |   |         |                        |
   |                    |             |   |      |  |      |          |  |   |         |                        |             /---------- K141Lwena
   |                    |             |   |      |  |      |          |  |   |         |                        |             |
   |                    |             |   |      |  |      |          |  |   |         |                        |         /-173  /------- K221Ndembu
   |                    |             |   |      |  |      |          |  \-213         |                        |         |   |  |
   |                    |             |   |      |  |   /234          |      |         |                        |         |   \172   /--- K33Kwangali
   |                    |             |   |      |  |   |  |          |      |         |                        \-------174      \-171
   |                    |             |   |      |  |   |  |          |      |         |                                  |          \--- K41Totela
   |                    |             |   |      |  |   |  |          |      |         |                                  |
   |                    |             |   |      |  |   |  |          |      |         |                                  \-------------- K31Luyi
   |                    |             |   |      |  |   |  |          |      |         |
   |                    |             |   |      |  |   |  |          |      |      /211   /--------------------------------------------- L342Hembamambwe
   |                    |             |   |      |  |   |  |          |      |      |  |   |
   |                    |             |   |      |  |   |  |          |      |      |  |   |  /------------------------------------------ L42Kaonde
   |                    |             |   |      |  |   |  |          |      |      |  |   |  |
   |                    |             |   |      |  |   |  |          |      |      |  |   |  |                                      /--- M15Mambwe
   |                    |             |   |      |  |   |  |          |      |      |  |   |  |                                  /-176
   |                    |             |   |      |  |   |  |          |      |      |  |   |  |                                  |   \--- M312Nyakyusa
   |                    |             |   |      |  |   |  |          |      |      |  |   |  |                               /177
   |                 /248             |   |      |  |   |  |          |      |      |  |   |  |                           /-178  \------- M42Bemba
   |                 |  |             |   |      |  |   |  |          |      |      |  |   |  |                           |   |
   |                 |  |             |   |      |  |   |  |          |      |      |  |   |  |                           |   \---------- M52Lala
   |                 |  |             |   |      |  |   |  |          |      |      |  |   |  |          /--------------180
   |                 |  |             |   |      |  |   |  |          |      |      |  |   |  |          |                |          /--- M43Aushi
   |                 |  |             |   |      |  |   |  |          |      |      |  \-210  |          |                \--------179
   |                 |  |             |   |      |  |   |  |          |      |      |      |  |          |                           \--- M641Tonga
   |                 |  |             |   |      |  |   |  |          |      |      |      |  |          |
-257                 |  |             |   |      |  |   |  |          |      |      |      |  |          |  /---------------------------- M54Lamba
   |                 |  |             |   |      |  |   |  |          |      |      |      |  |      /-198  |
   |                 |  |             |   |      |  |   |  |          |      |      |      |  |      |   |  |   /------------------------ M61Lenje
   |                 |  |             |   |      |  |   |  |      /-225      |      |      |  |      |   |  |   |
   |                 |  |             |   |      |  |   |  |      |   |      |      |      |  |      |   |  |   |                    /--- S10Shona
   |                 |  |             |   |      |  |   |  |      |   |      |      |      |  |      |   |  |   |             /----181
   |                 |  |             |   |      |  |   |  |      |   |      |      |      |  |      |   |  |   |             |      \--- S41Xhosa
   |                 |  |             |   |      |  |   |  |      |   |      |      |      |  |      |   \197   |             |
   |                 |  |             |   |      |  |   |  |      |   |      |      |      |  |      |      |   |         /-185      /--- S16Kalanga
   |                 |  |             |   |      |  |   |  |      |   |      |      |      \209      |      |   |         |   |  /-182
   |                 |  |             |   |      |  |   |  |      |   |      |      |         |      |      |   |         |   |  |   \--- S44Ndebele
   |                 |  |             |   |      |  |   |  |      |   |      |      |         |      |      |   |         |   \184
   |                 |  |             |   |      |  |   |  |      |   |      |      |         |      |      |   |      /186      |   /--- S42Zulu
   |                 |  |             |   |      |  |   |  |      |   |      |      |         |      |      \-196      |  |      \-183
   |                 |  |             |   |      |  |   |  |      |   |      |      |         |      |          |      |  |          \--- S54Ronga
   |                 |  |             |   |      |  |   |  |      |   |      |      |         |      |          |      |  |
   |                 |  |             |   |      |  |   |  |      |   |      |      |         |      |          |      |  \-------------- S34Lozi
   |                 |  |             |   |      |  |   |  |      |   |      |      |         |      |          |  /-190
   |                 |  |             |   |      |  |   |  |      |   |      |      |         |   /199          |  |   |         /------- S33Sotho
   |                 |  |             |   |      |  |   |  |      |   |      |      |         |   |  |          |  |   |         |
   |                 |  |             |   |      |  |   |  |      |   |      \----212         |   |  |          |  |   |      /188   /--- S45Ngoni
   |                 |  |             |   |      |  |   |  |      |   |             |         |   |  |          |  |   |      |  \-187
   |                 |  |             |   |      |  |   |  |      |   |             |         |   |  |          |  |   \----189      \--- S51Tswa
   |                 |  |             |   |      |  |   |  |      |   |             |         |   |  |          |  |          |
   |                 |  |             |   |      |  |   |  |      |   |             |         |   |  |          |  |          \---------- S43Swati
   |                 |  |             |   |      |  |   |  |      |   |             |         |   |  |          \195
   |                 |  |             |   |      |  |   |  |      |   |             |         |   |  |             |                 /--- S15Ndau
   |                 |  |             |   |      |  |   |  |      |   |             |         |   |  |             |             /-191
   |                 |  |             |   |      |  |   |  |      |   |             |         |   |  |             |             |   \--- S21Venda
   |                 |  |             |   |  /-237  |   |  |      |   |             |         |   |  |             |          /192
   |                 |  |             |   |  |   |  |   |  |      |   |             |         |   |  |             |      /-193  \------- S31dKhalaxadi
   |                 |  |             |   |  |   |  |   |  |      |   |             |         |   |  |             |      |   |
   |                 |  |             |   |  |   |  |   |  |      |   |             |         \-208  |             \----194   \---------- S53Tsonga
   |                 |  |             |   |  |   |  |   |  |      |   |             |             |  |                    |
   |                 |  |             |   |  |   |  |   |  |      |   |             |             |  |                    \-------------- S31Tswana
   |                 |  |             |   |  |   |  |   |  |      |   |             |             |  |
   |                 |  |             |   |  |   |  |   |  |      |   |             |             |  \----------------------------------- M64Tonga
   |                 |  |             |   |  |   |  \-235  |      |   |             |             |
   |                 |  |          /240   |  |   |      |  |      |   |             |             |                                  /--- N212Tumbuka
   |                 |  |          |  |   |  |   |      |  |      |   |             |             |                              /-200
   |                 |  |          |  |   |  |   |      |  |      |   |             |             |                              |   \--- N42Kunda
   |                 |  |          |  |   |  |   |      |  |      |   |             |             |                           /201
   |                 |  |          |  |   |  |   |      |  |   /226   |             |             |                    /----202  \------- N44Sena
   |                 |  |          |  |   |  |   |      |  |   |  |   |             |             |                    |      |
   |                 |  |          |  |   |  |   |      |  |   |  |   |             |             |                    |      \---------- N31bCewa
   |                 |  |          |  |   |  |   |      |  |   |  |   |             |             |                    |
   |                 |  |          |  |   |  |   |      |  |   |  |   |             |             |                    |      /---------- N31aNyanja
   |                 |  |          |  |   |  |   |      |  |   |  |   |             |             \------------------207      |
   |                 |  |          |  |   |  |   |      |  |   |  |   |             |                                  |  /-205  /------- N41Senga
   |                 |  |          |  |   |  |   |      |  |   |  |   |             |                                  |  |   |  |
   |                 |  |          |  |   |  |   |      |  |   |  |   |             |                                  |  |   \204   /--- P212Yao
   |                 |  |          |  |   |  |   |      |  |   |  |   |             |                                  \206      \-203
   |                 |  |          |  |   |  |   |      |  |   |  |   |             |                                     |          \--- P311Makwa
   |                 |  |          |  |   |  |   |      |  |   |  |   |             |                                     |
   |                 |  |          |  |   |  |   |      |  |   |  |   |             |                                     \-------------- N31Nyasa
   |             /-249  |          |  |   |  |   |      |  |   |  |   |             |
   |             |   |  |          |  |   |  |   |      |  |   |  |   |             \---------------------------------------------------- L62Nkoya
   |             |   |  |          |  |   |  |   |      |  |   |  |   |
   |             |   |  |          |  |   |  |   |      |  |   |  |   |                                                       /---------- C34Sakata
   |             |   |  |          |  |   |  |   |      |  |   |  |   |                                                       |
   |             |   |  |          |  |   |  |   |      |  |   |  |   |                                                   /-217      /--- C41Ngombe
   |             |   |  |          |  |   |  |   |      |  |   |  |   |                                                   |   |  /-215
   |             |   |  |          |  |   |  |   |      |  |   |  |   |                                                   |   |  |   \--- C55Kele
   |             |   |  |          |  |   |  |   |      |  |   |  |   |                                                /218   \216
   |             |   |  |          |  |   |  |   |      |  |   |  |   |                                                |  |      \------- C613Mongo
   |             |   |  |          |  |   \238   |      |  |   |  |   |                                                |  |
   |             |   |  |          |  |      |   |      |  |   |  |   |                                            /-219  \-------------- C611MongoNkundo
   |             |   |  |          |  |      |   |      |  \-233  |   |                                            |   |
   |             |   |  |          |  |      |   |      |      |  |   |                                         /220   \----------------- C75Kela
   |             |   |  |          |  |      |   |      |      |  |   |                                         |  |
   |             |   |  |          |  |      |   |      |      |  |   |                                     /-221  \--------------------- C841Lele
   |             |   |  |      /-241  |      |   |      |      |  |   |                                     |   |
   |             |   |  |      |   |  |      |   |      |      |  |   |                                     |   \------------------------ C711Tetela
   |             |   |  |      |   |  |      |   |      |      |  |   \-----------------------------------224
   |             |   |  |      |   |  |      |   |      |      |  |                                         |                    /------- C36Lingala
   |             |   |  |      |   |  |      |   |      |      |  |                                         |                    |
   |             |   |  |      |   |  |      |   |      |      |  |                                         \------------------223   /--- C40DDokoDoko
   |             |   |  |      |   |  |      |   |      |      |  |                                                              \-222
   |             |   |  |      |   |  |      |   |      |      |  |                                                                  \--- C51Mbesa
   |             |   |  |      |   |  |      |   |      |      |  |
   |             |   |  |      |   |  |      |   |      |      |  \---------------------------------------------------------------------- C57Likile
   |             |   |  |      |   |  |      |   |      |      |
   |             |   |  |      |   |  |      |   |      |      |                                                                     /--- H12b1Yombe
   |             |   |  |      |   |  |      |   |      |      |                                                                 /-227
   |             |   |  |      |   |  |      |   |      |      |                                                                 |   \--- H31Yaka
   |             |   |  |      |   |  |      |   |      |      |                                                              /229
   |             |   |  |      |   |  |      |   |      |      |                                                              |  |   /--- H16hSikongo
   |          /250   |  |      |   |  |      |   |      |      |                                                              |  \-228
   |          |  |   |  |      |   |  |      |   |      |      |                                                          /-230      \--- H16i4Sundi
   |          |  |   |  |      |   |  |      |   |      |      |                                                          |   |
   |          |  |   |  |      |   |  |      |   |      |      |                                                       /231   \---------- H32Suku
   |          |  |   |  |   /246   |  |      |   |      |      |                                                       |  |
   |          |  |   |  |   |  |   |  |      |   |      |      \-----------------------------------------------------232  \-------------- H312YakaKasongo
   |          |  |   |  |   |  |   |  |      |   |      |                                                              |
   |          |  |   |  |   |  |   |  |      |   |      |                                                              \----------------- H314Yaka
   |          |  |   |  |   |  |   |  |      |   |      |
   |          |  |   |  |   |  |   |  |      |   |      \-------------------------------------------------------------------------------- B85Yanz
   |          |  |   |  |   |  |   |  |      |   |
   |          |  |   |  |   |  |   |  |      |   \--------------------------------------------------------------------------------------- B31Tsogo
   |          |  |   |  |   |  |   |  |      |
   |          |  |   |  |   |  |   |  |      \------------------------------------------------------------------------------------------- B80Mp1Madzing
   |          |  |   |  |   |  |   |  |
   |          |  |   |  |   |  |   |  \-------------------------------------------------------------------------------------------------- B63Ndumo
   |          |  |   |  |   |  |   |
   |          |  |   |  \-247  |   \----------------------------------------------------------------------------------------------------- B84Mpuono
   |      /-251  |   |      |  |
   |      |   |  |   |      |  |                                                                                                     /--- B27Sake
   |      |   |  |   |      |  |                                                                                                 /-242
   |      |   |  |   |      |  |                                                                                                 |   \--- B62Mbamba
   |      |   |  |   |      |  |                                                                                              /243
   |      |   |  |   |      |  |                                                                                          /-244  \------- B735Teke
   |      |   |  |   |      |  |                                                                                          |   |
   |      |   |  |   |      |  \----------------------------------------------------------------------------------------245   \---------- B41Shira
   |      |   |  |   |      |                                                                                             |
   |   /252   |  |   |      |                                                                                             \-------------- B43Punu
   |   |  |   |  |   |      |
   |   |  |   |  |   |      \------------------------------------------------------------------------------------------------------------ B521Nzebi
   |   |  |   |  |   |
   |   |  |   |  |   \------------------------------------------------------------------------------------------------------------------- A321Puku
   |   |  |   |  |
   |   |  |   |  \----------------------------------------------------------------------------------------------------------------------- A31Bubi
   \-256  |   |
       |  |   \-------------------------------------------------------------------------------------------------------------------------- A751FangMakina
       |  |
       |  \------------------------------------------------------------------------------------------------------------------------------ A34Benga
       |
       |                                                                                                                      /---------- A43bBakoko
       |                                                                                                                      |
       \--------------------------------------------------------------------------------------------------------------------255  /------- A72Ewondo
                                                                                                                              |  |
                                                                                                                              \254   /--- A751Fang
                                                                                                                                 \-253
                                                                                                                                     \--- A75Fang2dMake

Apomorphy lists:

       Branch                    Character  Steps      CI   Change
------------------------------------------------------------------
node_257 --> 800Ejagham          1              1   1.000  A --> Z
node_248 --> node_247            1              1   1.000  A ==> B
node_234 --> node_233            1              1   1.000  B --> C
node_214 --> node_213            1              1   1.000  C --> D
node_158 --> node_157            1              1   1.000  D ==> J
node_156 --> node_148            1              1   1.000  J --> E
node_145 --> node_144            1              1   1.000  E --> G
node_148 --> node_147            1              1   1.000  E --> F
node_213 --> node_212            1              1   1.000  D --> Y
node_211 --> node_175            1              1   1.000  Y ==> K
node_166 --> node_165            1              1   1.000  K ==> R
node_209 --> node_208            1              1   1.000  Y --> M
node_196 --> node_195            1              1   1.000  M ==> S
node_208 --> node_207            1              1   1.000  M --> N
node_204 --> node_203            1              1   1.000  N ==> P
node_233 --> node_232            1              1   1.000  C --> H

paup> Log start;

paup> exit;
