
P A U P *
Version 4.0a (build 159) for Macintosh (X86) (built on Nov 17 2017 at 08:59:52)
Friday, February 23, 2018 at 1:21:25 PM Eastern Standard Time

Running on IA-32 architecture (64-bit word length)
SSE vectorization enabled
SSSE3 instructions supported
Multithreading enabled for likelihood using Pthreads
Compiled using Intel compiler (icc) 11.1.0 (build 20091012)

        -----------------------------NOTICE-----------------------------
          This is an alpha-test version that is still changing rapidly.
          It will expire on 1 Apr 2018.

          Please report bugs to dave@phylosolutions.com
        ----------------------------------------------------------------

Processing of file "~/Desktop/my_100repEfi_trees_GuthrieZones.root800jaghams6try.nex" begins...

Warning! The following name has been assigned to more than one taxon:
         L342HembaMambwe

Data matrix has 130 taxa, 1 character
Valid character-state symbols: 0123456789ABCDEFGHJKMNPQRSTUVWXYZ
Missing data identified by '?'
Gaps identified by '-'

Warning! The following name has been assigned to more than one taxon:
         L342HembaMambwe

Character types changed:
  Of 1 total characters:
    All characters are of type 'unord'

*** Skipping "MESQUITECHARMODELS" block

1 tree read from TREES block; time used = 0.00 sec (CPU time = 0.00 sec)

Note: Input trees are rooted but current criterion and/or option settings would specify unrooted trees.  (You can deroot the trees using the 'DerootTrees' command.)

*** Skipping "MESQUITE" block

Processing of input file "my_100repEfi_trees_GuthrieZones.root800jaghams6try.nex" completed.

paup> outgroup 800Ejagham /only;

Outgroup status changed:
  1 taxon transferred to outgroup
  Total number of taxa now in outgroup = 1
  Number of ingroup taxa = 129

paup> describetrees 1/ root=outgroup apolist=yes;

Tree description:

  Optimality criterion = parsimony
    Character-status summary:
      Of 1 total characters:
        All characters are of type 'unord'
        All characters have equal weight
        All characters are parsimony-informative
    Gaps are treated as "missing"
    Character-state optimization: Accelerated transformation (ACCTRAN)
                                  AncStates = "standard"

Tree 1 ("Imported tree 1"):

Tree length = 16
Consistency index (CI) = 1.0000
Homoplasy index (HI) = 0.0000
Retention index (RI) = 1.0000
Rescaled consistency index (RC) = 1.0000

    /------------------------------------------------------------------------------------------------------------------------------------ 800Ejagham
    |
    |                                                                                                                               /---- A242Duala
    |                                                                                                                           /-131
    |                                                                                                                           |   \---- A751Fang
    |                                                                                                                        /132
    |          /-----------------------------------------------------------------------------------------------------------133  \-------- A75Fang2dMake
    |          |                                                                                                             |
    |          |                                                                                                             \----------- A72Ewondo
    |          |
    |          |   /--------------------------------------------------------------------------------------------------------------------- A34Benga
    |          |   |
    |          |   |                                                                                             /----------------------- B11aMpongwe
    |          |   |                                                                                             |
    |          |   |                                                                                             |              /-------- B25Kota
    |          |   |                                                                                             |              |
    |          |   |                                                                                             |       /----135   /---- B43Punu
    |          |   |                                                                                             |       |      \-134
    |          |   |                                                                                          /141       |          \---- B521Nzebi
    |          |   |                                                                                          |  |       |
    |          |   |                                                                                          |  |   /-139          /---- B27Sake
    |          |   |                                                                                          |  |   |   |      /-136
    |          |   |                                                                                          |  |   |   |      |   \---- B735Teke
    |          |   |                                                                                          |  |   |   |   /137
    |          |   |                                                                                      /-142  \-140   \-138  \-------- B62Mbamba
    |          |   |                                                                                      |   |      |       |
    |          |   |                                                                                      |   |      |       \----------- B41Shira
    |          |   |                                                                                      |   |      |
    |          |   |              /---------------------------------------------------------------------144   |      \------------------- B63Ndumo
    |          |   |              |                                                                       |   |
    |          |   |              |                                                                       |   \-------------------------- B31Tsogo
    |          |   |              |                                                                       |
    |          |   |              |                                                                       |                         /---- B11cGalwa
    |          |   |              |                                                                       \-----------------------143
    |          |   |              |                                                                                                 \---- B85Yanz
    |          |   |              |
    |          |   |              |   /-------------------------------------------------------------------------------------------------- B51Duma
    |          |   |              |   |
    |          |   |              |   |                                                                                      /----------- C13Mbati
    |          |   |              |   |                                                                                      |
    |          |   |              |   |                                                                                  /-147      /---- C613Mongo
    |          |   |              |   |                                                                                  |   |  /-145
    |          |   |              |   |                                                                                  |   |  |   \---- C711Tetela
    |          |   |              |   |                                                                                  |   \146
    |          |   |              |   |                                                                              /-149      \-------- C75Kela
    |          |   |              |   |                                                                              |   |
    |          |   |              |   |                                                                              |   |          /---- C51Mbesa
    |          |   |              |   |                                                                          /-150   \--------148
    |          |   |              |   |                                                                          |   |              \---- C57Likile
    |          |   |              |   |                         /----------------------------------------------151   |
    |          |   |              |   |                         |                                                |   \------------------- C34Sakata
    |          |   |              |   |                         |                                                |
    |          |   |              |   |                         |                                                \----------------------- C40DDokoDoko
    |          |   |              |   |                         |
    |          |   |              |   |                         |                                                               /-------- C36Lingala
    |          |   |              |   |                         |                                                               |
    |          |   |              |   |                         |   /---------------------------------------------------------153   /---- C41Ngombe
    |          |   |              |   |                         |   |                                                           \-152
    |          |   |              |   |                         |   |                                                               \---- C611MongoNkundo
    |          |   |              |   |                         |   |
    |          |   |              |   |                         |   |   /---------------------------------------------------------------- D10SSonge
    |          |   |              |   |                         |   |   |
    |      /-252   |              |   |                         |   |   |                                                           /---- D241Binja
    |      |   |   |              |   |                     /-236   |   |      /--------------------------------------------------154
    |      |   |   |              |   |                     |   |   |   |      |                                                    \---- D253Lega
    |      |   |   |              |   |                     |   |   |   |      |
    |      |   |   |              |   |                     |   |   |   |      |                                                    /---- D322Bira
    |      |   |   |              |   |                     |   |   |   |      |   /----------------------------------------------155
    |      |   |   |              |   |                     |   |   |   |      |   |                                                \---- D372Kumu
    |      |   |   |              |   |                     |   |   |   |      |   |
    |      |   |   |              |   |                     |   |   |   |      |   |                                                /---- E51Gikuyu
    |      |   |   |              |   |                     |   |   |   |      |   |                                     /--------156
    |      |   |   |              |   |                     |   |   |   |      |   |                                     |          \---- E621Caga
    |      |   |   |              |   |                     |   |   |   |      |   |                                     |
    |      |   |   |              |   |                     |   |   |   |      |   |                                 /-160      /-------- E55Kamba
    |      |   |   |              |   |                     |   |   |   |      |   |                                 |   |      |
    |      |   |   |              |   |                     |   \-235   |      |   |                                 |   |   /158   /---- E72a1Giryama
    |      |   |   |              |   |                     |       |   |      |   |                                 |   |   |  \-157
    |      |   |   |              |   |                     |       |   |   /182   |                                 |   \-159      \---- E731Digo
    |      |   |   |              |   |                     |       |   |   |  |   |                             /-162       |
    |      |   |   |              |   |                     |       |   |   |  |   |                             |   |       \----------- E711Pokomo
    |      |   |   |              |   |                     |       |   |   |  |   |                             |   |
    |      |   |   |          /-247   |                     |       |   |   |  |   |                          /163   |              /---- G11Gogo
    |      |   |   |          |   |   |                     |       |   |   |  |   |                          |  |   \------------161
    |      |   |   |          |   |   |                     |       |   |   |  |   |                          |  |                  \---- G22Pare
    |      |   |   |          |   |   |                     |       |   |   |  |   |                          |  |
    |      |   |   |          |   |   |                     |       |   |   |  |   |                          |  \----------------------- G23Shambala
    |      |   |   |          |   |   |                     |       |   |   |  |   |                          |
    |      |   |   |          |   |   |                     |       |   |   |  |   |                      /-168                 /-------- G12Kaguru
    |      |   |   |          |   |   |                     |       |   |   |  |   |                      |   |                 |
    |      |   |   |          |   |   |                     |       |   |   |  |   |                      |   |              /165   /---- G34Ngulu
    |      |   |   |          |   |   |                     |       |   |   |  |   |                      |   |              |  \-164
    |      |   |   |          |   |   |                     |       |   |   |  \-181                      |   |          /-166      \---- G35Luguru
    |      |   |   |          |   |   |                     |       |   |   |      |                      |   |          |   |
    |      |   |   |          |   |   |                     |       |   |   |      |                  /-171   \--------167   \----------- G31Zigula
    |      |   |   |          |   |   |                     |       |   |   |      |                  |   |              |
    |      |   |   |          |   |   |                     |       \-234   |      |                  |   |              \--------------- G43cHadimu
    |      |   |   |          |   |   |                     |           |   |      |                  |   |
    |      |   |   |          |   |   |                     |           |   |      |                  |   |                         /---- F21Sukuma
    |      |   |   |          |   |   |                     |           |   |      |                  |   |                     /-169
    |      |   |   |          |   |   |                     |           |   |      |                  |   |                     |   \---- F22Nyamwezi
    |      |   |   |          |   |   |                     |           |   |      |              /-175   \-------------------170
--257      |   |   |          |   |   |                     |           |   |      |              |   |                         \-------- F23Sumbwa
    |      |   |   |          |   |   |                     |           |   |      |              |   |
    |      |   |   |          |   |   |                     |           |   |      |              |   |                         /-------- J15Ganda
    |      |   |   |          |   |   |                     |           |   |      |              |   |                         |
    |      |   |   |          |   |   |                     |           |   |      |              |   |                      /173   /---- J611Rwanda
    |      |   |   |          |   |   |                     |           |   |      |          /-176   |                      |  \-172
    |      |   |   |          |   |   |                     |           |   |      |          |   |   \--------------------174      \---- J62Rundi
    |      |   |   |          |   |   |                     |           |   |      |          |   |                          |
    |      |   |   |          |   |   |                     |           |   |      |          |   |                          \----------- J16Soga
    |      |   |   |          |   |   |                     |           |   |      |       /178   |
    |      |   |   |          |   |   |                     |           |   |      |       |  |   \-------------------------------------- J22HHaya
    |      |   |   |          |   |   |                     |           |   |      |       |  |
    |      |   |   |          |   |   |                     |           |   |      |   /-179  |                                     /---- J13Hima
    |      |   |   |          |   |   |                     |           |   |      |   |   |  \-----------------------------------177
    |      |   |   |          |   |   |                     |           |   |      |   |   |                                        \---- J23Zinza
    |      |   \-251          |   |   |                     |           |   |      \-180   |
    |      |       |          |   |   |                     |           |   |          |   \--------------------------------------------- J51Hunde
    |      |       |          |   |   |                     |           |   |          |
    |      |       |          |   |   |                     |           |   |          \------------------------------------------------- J53Shi
    |      |       |          |   |   |                     |           |   |
    |      |       |          |   |   |                     |           |   |                                                       /---- K11Ciokwe
    |      |       |          |   |   |                     |           |   |                                                   /-183
    |      |       |          |   |   |                     |           |   |                                                   |   \---- K221Ndembu
    |      |       |          |   |   |                     |           |   |                                                /184
    |      |       |          |   |   |                     |           |   |                                        /-----185  \-------- K141Lwena
    |      |       |          |   |   |                     |           |   |                                        |       |
    |      |       |          |   |   |                     |           |   |                                        |       \----------- K41Totela
    |      |       |          |   |   |                     |           |   |                                        |
    |      |       |          |   |   |                     |           |   |                                    /-190   /--------------- K15Mbunda
    |      |       |          |   |   |                     |           |   |                                    |   |   |
    |      |       |          |   |   |                     |           |   |                                    |   |   |      /-------- R111Umbundu
    |      |       |          |   |   |                     |           \-233                                    |   \-189      |
    |      |       |          |   |   |                     |               |                                    |       |   /187   /---- R22Ndonga
    |      |       |          |   \-246                     |               |                                    |       |   |  \-186
    |      |       |          |       |                     |               |                                    |       \-188      \---- R31Herero
    |      |       |          |       |                     |               |              /-------------------195           |
    |      |       |          |       |                     |               |              |                     |           \----------- R21Kwanyama
    |      |       |          |       |                     |               |              |                     |
    |      |       |          |       |                     |               |              |                     |                  /---- K14Lwena
    |      |       |          |       |                     |               |              |                     |              /-191
    |      |       |          |       |                     |               |              |                     |              |   \---- K222LundaMwinilunga
    |      |       |          |       |                     |               |              |                     |           /192
    |      |       |          |       |                  /238               |              |                     |           |  \-------- K19Gangela
    |      |       |          |       |                  |  |               |              |                     \---------194
    |      |       |          |       |                  |  |               |              |                                 |      /---- K31Luyi
    |      |       |          |       |                  |  |               |              |                                 \----193
    |      |       |          |       |                  |  |               |              |                                        \---- K33Kwangali
    |      |       |          |       |                  |  |               |              |
    |      |       |          |       |                  |  |               |              |                                        /---- L342Hembamambwe
    |      |       |          |       |                  |  |               |              |  /-----------------------------------196
    |      |       |          |       |                  |  |               |              |  |                                     \---- L42Kaonde
    |      |       |          |       |                  |  |               |              |  |
    |      |       |          |       |                  |  |               |          /-231  |                                     /---- M15Mambwe
    |      |       |          |       |                  |  |               |          |   |  |               /-------------------197
    |   /255       |          |       |                  |  |               |          |   |  |               |                     \---- M312Nyakyusa
    |   |  |       |          |       |                  |  |               |          |   |  |               |
    |   |  |       |          |       |                  |  |               |          |   |  |               |                     /---- S10Shona
    |   |  |       |          |       |                  |  |               |          |   |  |               |          /--------198
    |   |  |       |          |       |                  |  |               |          |   |  |               |          |          \---- S34Lozi
    |   |  |       |          |       |                  |  |               |          |   |  |               |          |
    |   |  |       |      /-248       |                  |  |               |          |   |  |               |          |      /-------- S16Kalanga
    |   |  |       |      |   |       |                  |  |               |          |   |  |               |      /-204      |
    |   |  |       |      |   |       |                  |  |               |          |   |  |               |      |   |   /200   /---- S43Swati
    |   |  |       |      |   |       |                  |  |               |          |   |  |               |      |   |   |  \-199
    |   |  |       |      |   |       |                  |  |               |          |   |  |           /-213      |   |   |      \---- S44Ndebele
    |   |  |       |      |   |       |                  |  |               |          |   |  |           |   |      |   \-203
    |   |  |       |      |   |       |                  |  |               |          |   |  |           |   |      |       |  /-------- S41Xhosa
    |   |  |       |      |   |       |                  |  |               |          |   |  |           |   |  /-207       |  |
    |   |  |       |      |   |       |                  |  |               |          |   |  |           |   |  |   |       \202   /---- S42Zulu
    |   |  |       |      |   |       |                  |  |               |          |   \230           |   |  |   |          \-201
    |   |  |       |      |   |       |                  |  |               |          |      |           |   |  |   |              \---- S54Ronga
    |   |  |       |      |   |       |                  |  |               |          |      |           |   |  |   |
    |   |  |       |      |   |       |                  |  |               |          |      |           |   |  |   |          /-------- S33Sotho
    |   |  |       |      |   |       |                  |  |               |          |      |           |   |  |   |          |
    |   |  |       |      |   |       |                  |  |               |          |      |           |   |  |   \--------206   /---- S45Ngoni
    |   |  |       |      |   |       |                  |  |               |          |      |           |   |  |              \-205
    |   |  |       |      |   |       |                  |  |               |          |      |       /-214   \212                  \---- S51Tswa
    |   |  |       |      |   |       |                  |  |               |          |      |       |   |      |
    |   |  |       |      |   |       |                  |  |               |          |      |       |   |      |                  /---- S15Ndau
    |   |  |       |      |   |       |                  |  |               |          |      |       |   |      |              /-208
    |   |  |       |      |   |       |                  |  |               |          |      |       |   |      |              |   \---- S21Venda
    |   |  |       |      |   |       |                  |  |               |          |      |       |   |      |           /209
    |   |  |       |      |   |       |                  |  |               |          |      |       |   |      |       /-210  \-------- S31dKhalaxadi
    |   |  |       |      |   |       |                  |  |               |          |      |   /-215   |      |       |   |
    |   |  |       |      |   |       |              /-239  |               |          |      |   |   |   |      \-----211   \----------- S53Tsonga
    |   |  |       |      |   |       |              |   |  |               |          |      |   |   |   |              |
    |   |  |       |      |   |       |              |   |  |               \--------232      |   |   |   |              \--------------- S31Tswana
    |   |  |       |      |   |       |              |   |  |                          |      |   |   |   |
    |   |  |       |      |   |       |              |   |  |                          |      |   |   |   \------------------------------ M42Bemba
    |   |  |       |      |   |       |              |   |  |                          |      |   |   |
    |   |  |       |      |   |       |              |   |  |                          |      \-229   \---------------------------------- M641Tonga
    |   |  |       |      |   |       |              |   |  |                          |          |
    |   |  |       |      |   |       |              |   |  |                          |          |       /------------------------------ M43Aushi
    |   |  |       |      |   |       |              |   |  |                          |          |       |
    |   |  |       |      |   |       |              |   |  |                          |          |       |                     /-------- M52Lala
    |   |  |       |      |   |       |              |   |  |                          |          |       |                     |
    |   |  |       |      |   |       |              |   |  |                          |          \-----228   /---------------217   /---- M54Lamba
    |   |  |       |      |   |       |              |   |  |                          |                  |   |                 \-216
    |   |  |       |      |   |       |              |   |  |                          |                  |   |                     \---- M61Lenje
    |   |  |       |      |   |       |              |   |  |                          |                  |   |
    |   |  |       |      |   |       |              |   |  |                          |                  |   |  /----------------------- M64Tonga
    |   |  |       |   /249   |       |              |   |  |                          |                  \-227  |
    |   |  |       |   |  |   |       |              |   |  |                          |                      |  |              /-------- N212Tumbuka
    \-256  |       |   |  |   |       |              |   |  |                          |                      |  |              |
        |  |       |   |  |   |       |              |   |  |                          |                      |  |       /----219   /---- N42Kunda
        |  |       |   |  |   |       |              |   |  |                          |                      |  |       |      \-218
        |  |       |   |  |   |       |          /-240   |  |                          |                      \226       |          \---- N44Sena
        |  |       |   |  |   |       |          |   |   |  |                          |                         |   /-223
        |  |       |   |  |   |       |          |   |   |  |                          |                         |   |   |   /----------- N31aNyanja
        |  |       |   |  |   |       |          |   |   |  |                          |                         |   |   |   |
        |  |       |   |  |   |       |          |   |   |  |                          |                         |   |   \-222  /-------- N31Nyasa
        |  |       |   |  |   |       |          |   |   |  |                          |                         |   |       |  |
        |  |       |   |  |   |       |          |   |   |  |                          |                         \-225       \221   /---- P212Yao
        |  |       |   |  |   |       |          |   |   |  |                          |                             |          \-220
        |  |       |   |  |   |       |          |   |   |  |                          |                             |              \---- P311Makwa
        |  |       |   |  |   |       |          |   |   |  |                          |                             |
        |  |       |   |  |   |       |          |   |   |  |                          |                             |              /---- N31bCewa
        |  |       |   |  |   |       |          |   |   |  |                          |                             \------------224
        |  |       |   |  |   |       |      /-242   |   |  |                          |                                            \---- N41Senga
        |  |       |   |  |   |       |      |   |   |   |  |                          |
        |  |       |   |  |   |       |      |   |   |   |  |                          \------------------------------------------------- L62Nkoya
        |  |       |   |  |   |       |      |   |   |   |  |
        |  |       \-250  |   |       |      |   |   |   |  |                                                                       /---- C55Kele
        |  |           |  |   |       |      |   |   |   |  \---------------------------------------------------------------------237
        |  |           |  |   |       |      |   |   |   |                                                                          \---- C841Lele
        |  |           |  |   |       |      |   |   |   |
        |  |           |  |   |       |   /243   |   |   \------------------------------------------------------------------------------- H12b1Yombe
        |  |           |  |   |       |   |  |   |   |
        |  |           |  |   |       |   |  |   |   \----------------------------------------------------------------------------------- H32Suku
        |  |           |  |   |       |   |  |   |
        |  |           |  |   |       |   |  |   |                                                                                  /---- H16hSikongo
        |  |           |  |   |       |   |  |   \--------------------------------------------------------------------------------241
        |  |           |  |   |       \-245  |                                                                                      \---- H31Yaka
        |  |           |  |   |           |  |
        |  |           |  |   |           |  \------------------------------------------------------------------------------------------- H16i4Sundi
        |  |           |  |   |           |
        |  |           |  |   |           |                                                                                         /---- H312YakaKasongo
        |  |           |  |   |           \---------------------------------------------------------------------------------------244
        |  |           |  |   |                                                                                                     \---- H314Yaka
        |  |           |  |   |
        |  |           |  |   \---------------------------------------------------------------------------------------------------------- B84Mpuono
        |  |           |  |
        |  |           |  \-------------------------------------------------------------------------------------------------------------- B80Mp1Madzing
        |  |           |
        |  |           \----------------------------------------------------------------------------------------------------------------- B251Kota
        |  |
        |  |                                                                                                                    /-------- A321Puku
        |  |                                                                                                                    |
        |  \------------------------------------------------------------------------------------------------------------------254   /---- A43bBakoko
        |                                                                                                                       \-253
        |                                                                                                                           \---- A751FangMakina
        |
        \-------------------------------------------------------------------------------------------------------------------------------- A31Bubi

Apomorphy lists:

       Branch                    Character  Steps      CI   Change
------------------------------------------------------------------
node_257 --> 800Ejagham          1              1   1.000  A --> Z
node_251 --> node_250            1              1   1.000  A ==> B
node_246 --> node_245            1              1   1.000  B ==> H
node_239 --> node_238            1              1   1.000  H ==> C
node_235 --> node_234            1              1   1.000  C ==> D
node_181 --> node_180            1              1   1.000  D ==> J
node_175 --> node_171            1              1   1.000  J --> F
node_171 --> node_168            1              1   1.000  F --> G
node_162 --> node_160            1              1   1.000  G ==> E
node_233 --> node_232            1              1   1.000  D ==> Y
node_231 --> node_195            1              1   1.000  Y ==> K
node_189 --> node_188            1              1   1.000  K ==> R
node_230 --> node_229            1              1   1.000  Y ==> M
node_213 --> node_212            1              1   1.000  M ==> S
node_226 --> node_225            1              1   1.000  M ==> N
node_221 --> node_220            1              1   1.000  N ==> P

paup> Log File='/Users/djanies/Desktop/my_100repEfi_trees_GuthrieZones.root800jaghams6try.log' start;
