
P A U P *
Version 4.0a (build 159) for Macintosh (X86) (built on Nov 17 2017 at 08:59:52)

Running on IA-32 architecture (64-bit word length)
SSE vectorization enabled
SSSE3 instructions supported
Multithreading enabled for likelihood using Pthreads
Compiled using Intel compiler (icc) 11.1.0 (build 20091012)

        -----------------------------NOTICE-----------------------------
          This is an alpha-test version that is still changing rapidly.
          It will expire on 1 Apr 2018.

          Please report bugs to dave@phylosolutions.com
        ----------------------------------------------------------------

Processing of file "~/Dropbox (UNC Charlotte)/Bantu_CombinedData_dan/sixthtryonetree/sixthtry-
cult/my_100repEfi_trees_GuthrieZones.root800jaghams6trycult.nex" begins...

Warning! The following name has been assigned to more than one taxon:
         L342HembaMambwe

Data matrix has 130 taxa, 1 character
Valid character-state symbols: 0123456789ABCDEFGHJKMNPQRSTUVWXYZ
Missing data identified by '?'
Gaps identified by '-'

Warning! The following name has been assigned to more than one taxon:
         L342HembaMambwe

Character types changed:
  Of 1 total characters:
    All characters are of type 'unord'

*** Skipping "MESQUITECHARMODELS" block

1 tree read from TREES block; time used = 0.00 sec (CPU time = 0.00 sec)

Note: Input trees are rooted but current criterion and/or option settings would specify unrooted trees.  (You can deroot the trees using the 'DerootTrees'
      command.)

*** Skipping "MESQUITE" block

Processing of input file "my_100repEfi_trees_GuthrieZones.root800jaghams6trycult.nex" completed.

paup> outgroup 800Ejagham /only;

Outgroup status changed:
  1 taxon transferred to outgroup
  Total number of taxa now in outgroup = 1
  Number of ingroup taxa = 129

paup> describetrees 1/ root=outgroup apolist=yes;

Tree description:

  Optimality criterion = parsimony
    Character-status summary:
      Of 1 total characters:
        All characters are of type 'unord'
        All characters have equal weight
        All characters are parsimony-informative
    Gaps are treated as "missing"
    Character-state optimization: Accelerated transformation (ACCTRAN)
                                  AncStates = "standard"

Tree 1 ("Imported tree 1"):

Tree length = 16
Consistency index (CI) = 1.0000
Homoplasy index (HI) = 0.0000
Retention index (RI) = 1.0000
Rescaled consistency index (RC) = 1.0000

   /------------------------------------------------------------------------------------------------------------------------------------- 800Ejagham
   |
   |                                                                                                                                 /--- A242Duala
   |                                                                                                                             /-131
   |                                                                                                                             |   \--- A75Fang2dMake
   |                    /------------------------------------------------------------------------------------------------------132
   |                    |                                                                                                        \------- A751Fang
   |                    |
   |                    |                                                                                           /-------------------- B11aMpongwe
   |                    |                                                                                           |
   |                    |                                                                                       /-138  /----------------- B11cGalwa
   |                    |                                                                                       |   |  |
   |                    |                                                                                       |   |  |  /-------------- B25Kota
   |                    |                                                                                       |   \137  |
   |                    |                                                                                       |      |  |          /--- B27Sake
   |                    |                                                                                       |      \136      /-133
   |                    |                                                                                       |         |      |   \--- B735Teke
   |                    |                /--------------------------------------------------------------------141         |   /134
   |                    |                |                                                                      |         \-135  \------- B51Duma
   |                    |                |                                                                      |             |
   |                    |                |                                                                      |             \---------- B41Shira
   |                    |                |                                                                      |
   |                    |                |                                                                      |                    /--- B31Tsogo
   |                    |                |                                                                      |                /-139
   |                    |                |                                                                      |                |   \--- B62Mbamba
   |                    |                |                                                                      \--------------140
   |                    |                |                                                                                       \------- B521Nzebi
   |                    |                |
   |                    |                |                                                                                           /--- C13Mbati
   |                    |                |                                                                                       /-142
   |                    |                |                                                                                       |   \--- C36Lingala
   |                    |                |                       /-------------------------------------------------------------144
   |                    |                |                       |                                                               |   /--- C41Ngombe
   |                    |                |                       |                                                               \-143
   |                    |                |                       |                                                                   \--- C611MongoNkundo
   |                    |                |                       |
   |                    |                |                       |            /---------------------------------------------------------- D10SSonge
   |                    |                |                       |            |
   |                    |                |                       |            |                                                      /--- K11Ciokwe
   |                    |                |                       |            |                              /---------------------145
   |                    |                |                       |            |                              |                       \--- K141Lwena
   |                    |                |                       |            |                              |
   |                    |                |                       |            |                              |                   /------- K14Lwena
   |                    |                |                       |            |                              |                   |
   |                    |                |                       |            |                              |                /147   /--- K221Ndembu
   |                    |                |                       |            |                              |                |  \-146
   |                    |                |                       |            |                              |            /-148      \--- K222LundaMwinilunga
   |                    |                |                       |            |                              |            |   |
   |                    |                |                       |            |                              |         /149   \---------- K15Mbunda
   |                    |                |                       |            |      /---------------------157         |  |
   |                    |                |                       |            |      |                       |      /151  \-------------- K41Totela
   |                    |                |                       |            |      |                       |      |  |
   |                    |                |                       |            |      |                       |      |  |             /--- K19Gangela
   |                    |                |                       |            |      |                       |      |  \-----------150
   |                    |                |                       |            |      |                       |      |                \--- K33Kwangali
   |                    |                |                       |            |      |                       |  /-155
   |                    |                |                       |            |      |                       |  |   |                /--- R111Umbundu
   |                    |                |                       |            |      |                       |  |   |            /-152
   |                    |                |                       |            |      |                       |  |   |            |   \--- R22Ndonga
   |                    |                |                       |            |      |                       |  |   |         /153
   |                    |                |                       |            |      |                       \156   \-------154  \------- R21Kwanyama
   |                    |                |                       |            |      |                          |             |
   |                    |                |                       |            |      |                          |             \---------- R31Herero
   |                    |                |                       |            |      |                          |
   |                    |                |                       |            |      |                          \------------------------ K31Luyi
   |                    |                |                       |            |      |
   |                    |                |                       |            |      |                                               /--- M15Mambwe
   |                    |                |                       |            |      |                                           /-158
   |                    |                |                       |            |      |                                           |   \--- M43Aushi
   |                    |                |                       |            |      |                   /---------------------159
   |                    |                |                       |            |      |                   |                       \------- M312Nyakyusa
   |                    |                |                       |            |      |                   |
   |                    |                |                       |         /195      |                   |                       /------- S10Shona
   |                    |                |                       |         |  |      |                   |                       |
   |                    |                |                       |         |  |      |                   |                    /161   /--- S31dKhalaxadi
   |                    |                |                       |         |  |      |                   |                    |  \-160
   |                    |                |                       |         |  |      |                   |                /-162      \--- S54Ronga
   |                    |                |                       |         |  |      |                   |                |   |
   |                    |                |                       |         |  |      |                   |             /163   \---------- S51Tswa
   |                    |                |                       |         |  |      |                   |             |  |
   |                    |                |                       |         |  |      |                /175          /164  \-------------- S53Tsonga
   |                    |                |                       |         |  |   /191                |  |          |  |
   |                    |                |                       |         |  |   |  |                |  |   /----165  \----------------- S15Ndau
   |                    |                |                       |         |  |   |  |                |  |   |      |
   |                    |                |                       |         |  |   |  |                |  |   |      \-------------------- S16Kalanga
   |                    |                |                       |         |  |   |  |                |  |   |
   |                    |                |                       |         |  |   |  |                |  |   |                       /--- S21Venda
   |                    |                |                       |         |  |   |  |                |  |   |                   /-166
   |                    |                |                       |         |  |   |  |                |  |   |                   |   \--- S31Tswana
   |                    |                |                       |         |  |   |  |                |  |   |                /167
   |                    |                |                       |         |  |   |  |                |  |   |            /-168  \------- S33Sotho
   |                    |                |                       |         |  |   |  |                |  \-174            |   |
   |                    |                |                       |         |  |   |  |             /176      |            |   \---------- S34Lozi
   |                    |                |                       |         |  |   |  |             |  |      |         /170
   |                    |                |                       |         |  |   |  |             |  |      |         |  |          /--- S43Swati
   |                    |                |                       |         |  |   |  |             |  |      |      /171  \--------169
   |                    |                |                       |         |  |   |  |             |  |      |      |  |             \--- S44Ndebele
   |                    |                |                       |         |  |   |  |             |  |      |      |  |
   |                    |                |                       |         |  |   |  |             |  |      |  /-172  \----------------- S42Zulu
   |                    |                |                       |         |  |   |  |         /-178  |      |  |   |
   |                    |                |                       |         |  |   |  |         |   |  |      \173   \-------------------- S41Xhosa
   |                    |                |                       |         |  |   |  |         |   |  |         |
   |                    |                |                       |         |  |   |  |         |   |  |         \------------------------ S45Ngoni
   |                    |                |                       |         |  |   |  |         |   |  |
   |                    |                |                       |         |  |   |  |         |   |  \---------------------------------- M641Tonga
   |                    |                |                   /-226         |  |   |  |      /179   |
   |                    |                |                   |   |         |  |   |  |      |  |   |                                 /--- M52Lala
   |                    |                |                   |   |         |  |   |  |      |  |   \-------------------------------177
   |                    |                |                   |   |         |  |   |  |  /-180  |                                     \--- M54Lamba
   |                    |                |                   |   |         |  \-194  |  |   |  |
   |                    |                |                   |   |         |      |  |  |   |  \----------------------------------------- M42Bemba
   |                    |                |                   |   |         |      |  |  |   |
   |                    |                |                   |   |         |      |  |  |   \-------------------------------------------- M64Tonga
   |                    |                |                   |   |         |      |  \190
   |                    |                |                   |   |         |      |     |                       /------------------------ M61Lenje
   |                    |                |                   |   |         |      |     |                       |
   |                    |                |                   |   |         |      |     |                       |   /-------------------- N212Tumbuka
   |                    |                |                   |   |         |      |     \---------------------189   |
   |                /-250                |                   |   |         |      |                             |   |     /-------------- N31aNyanja
   |                |   |            /-243                   |   |         |      |                             |   |     |
   |                |   |            |   |                   |   |         |      |                             \-188  /184   /---------- N31bCewa
   |                |   |            |   |                   |   |         |      |                                 |  |  |   |
   |                |   |            |   |                   |   |         |      |                                 |  |  \-183  /------- N31Nyasa
   |                |   |            |   |                   |   |         |      |                                 |  |      |  |
-257                |   |            |   |                   |   |         |      |                                 |  |      \182   /--- P212Yao
   |                |   |            |   |                   |   |         |      |                                 \187         \-181
   |                |   |            |   |                   |   |         |      |                                    |             \--- P311Makwa
   |                |   |            |   |                   |   |     /-221      |                                    |
   |                |   |            |   |                   |   |     |   |      |                                    |         /------- N41Senga
   |                |   |            |   |                   |   |     |   |      |                                    |         |
   |                |   |            |   |                   |   |     |   |      |                                    \-------186   /--- N42Kunda
   |                |   |            |   |                   |   |     |   |      |                                              \-185
   |                |   |            |   |                   |   |     |   |      |                                                  \--- N44Sena
   |                |   |            |   |                   |   |     |   |      |
   |                |   |            |   |                   |   |     |   |      |                                                  /--- L342Hembamambwe
   |                |   |            |   |                   |   |     |   |      |                                              /-192
   |                |   |            |   |                   |   |     |   |      |                                              |   \--- L62Nkoya
   |                |   |            |   |                   |   |     |   |      \--------------------------------------------193
   |                |   |            |   |                   |   |     |   |                                                     \------- L42Kaonde
   |                |   |            |   |                   |   |     |   |
   |                |   |            |   |                   |   |     |   |                                                         /--- E51Gikuyu
   |                |   |            |   |                   |   |     |   |                                              /--------196
   |                |   |            |   |                   |   |     |   |                                              |          \--- E621Caga
   |                |   |            |   |                   |   |     |   |                                              |
   |                |   |            |   |                   |   |     |   |                                           /200      /------- E55Kamba
   |                |   |            |   |                   |   |     |   |                                           |  |      |
   |                |   |            |   |                   |   |     |   |                                           |  |   /198   /--- E72a1Giryama
   |                |   |            |   |                   |   |     |   |                                           |  |   |  \-197
   |                |   |            |   |                   |   |     |   |                                        /201  \-199      \--- E731Digo
   |                |   |            |   |                   |   |     |   |                                        |  |      |
   |                |   |            |   |                   |   |     |   |                                        |  |      \---------- E711Pokomo
   |                |   |            |   |                   |   |     |   |                                    /-202  |
   |                |   |            |   |                   |   |     |   |                                    |   |  \----------------- G11Gogo
   |                |   |            |   |                   |   |     |   |                                    |   |
   |                |   |            |   |                   |   |     |   |                                    |   \-------------------- G23Shambala
   |                |   |            |   |                   |   |     |   |                                    |
   |                |   |            |   |                /232   |     |   |                                    |                /------- G12Kaguru
   |                |   |            |   |                |  |   |     |   |                                 /208                |
   |                |   |            |   |                |  |   |     |   |                                 |  |             /204   /--- G34Ngulu
   |                |   |            |   |                |  |   |     |   |                                 |  |             |  \-203
   |                |   |            |   |                |  |   |  /223   |                                 |  |         /-205      \--- G35Luguru
   |                |   |            |   |                |  |   |  |  |   |                                 |  |         |   |
   |                |   |            |   |                |  |   |  |  |   |                                 |  \-------207   \---------- G31Zigula
   |                |   |            |   |                |  |   |  |  |   |                                 |            |
   |                |   |            |   |                |  |   |  |  |   |                             /-211            |          /--- G22Pare
   |                |   |            |   |                |  |   |  |  |   |                             |   |            \--------206
   |                |   |            |   |                |  |   |  |  |   |                             |   |                       \--- G43cHadimu
   |                |   |            |   |                |  |   |  |  |   |                             |   |
   |                |   |            |   |                |  |   |  |  |   |                             |   |                       /--- F21Sukuma
   |                |   |            |   |                |  |   |  |  |   |                             |   |                   /-209
   |                |   |            |   |                |  |   |  |  |   |                             |   |                   |   \--- F22Nyamwezi
   |                |   |            |   |                |  |   |  |  |   |                          /215   \-----------------210
   |                |   |            |   |                |  |   |  |  |   |                          |  |                       \------- F23Sumbwa
   |                |   |            |   |                |  |   |  |  |   |                          |  |
   |                |   |            |   |                |  |   |  |  |   |                          |  |                       /------- J15Ganda
   |                |   |            |   |                |  |   |  |  |   |                          |  |                       |
   |                |   |         /244   |                |  |   |  |  |   |                       /216  |                    /213   /--- J611Rwanda
   |                |   |         |  |   |                |  |   |  |  |   |                       |  |  |                    |  \-212
   |                |   |         |  |   |                |  |   |  |  |   |                       |  |  \------------------214      \--- J62Rundi
   |                |   |         |  |   |                |  |   \225  |   |                       |  |                       |
   |                |   |         |  |   |                |  |      |  |   |                       |  |                       \---------- J16Soga
   |             /251   |         |  |   |                |  |      |  |   |                       |  |
   |             |  |   |         |  |   |                |  |      |  |   \---------------------220  \---------------------------------- J22HHaya
   |             |  |   |         |  |   |                |  |      |  |                           |
   |             |  |   |         |  |   |            /-233  |      |  |                           |                                 /--- J13Hima
   |             |  |   |         |  |   |            |   |  |      |  |                           |                             /-217
   |             |  |   |         |  |   |            |   |  |      |  |                           |                             |   \--- J53Shi
   |             |  |   |         |  |   |            |   |  |      |  |                           \---------------------------219
   |             |  |   |         |  |   |            |   |  |      |  |                                                         |   /--- J23Zinza
   |             |  |   |         |  |   |            |   |  |      |  |                                                         \-218
   |             |  |   |         |  |   |            |   |  |      |  |                                                             \--- J51Hunde
   |             |  |   |         |  |   |            |   |  |      |  |
   |             |  |   |         |  |   |            |   |  |      |  |                                                             /--- D241Binja
   |             |  |   |         |  |   |            |   |  |      |  \-----------------------------------------------------------222
   |             |  |   |         |  |   |            |   |  |      |                                                                \--- D253Lega
   |             |  |   |         |  |   |            |   |  |      |
   |             |  |   |         |  |   |            |   |  |      |                                                                /--- D322Bira
   |             |  |   |         |  |   |            |   |  |      \--------------------------------------------------------------224
   |             |  |   |         |  |   |            |   |  |                                                                       \--- D372Kumu
   |             |  |   |         |  |   |         /235   |  |
   |             |  |   |         |  |   |         |  |   |  |                                                                       /--- C51Mbesa
   |             |  |   |         |  |   |         |  |   |  |                                                                   /-227
   |             |  |   |         |  |   |         |  |   |  |                                                                   |   \--- C55Kele
   |             |  |   |         |  |   |         |  |   |  |                                                                /228
   |             |  |   |         |  |   |         |  |   |  |                                                            /-229  \------- C57Likile
   |             |  |   |      /245  |   |         |  |   |  |                                                            |   |
   |             |  |   |      |  |  |   |         |  |   |  |                                                            |   \---------- C75Kela
   |             |  |   |      |  |  |   |         |  |   |  \----------------------------------------------------------231
   |             |  |   |      |  |  |   |         |  |   |                                                               |          /--- C613Mongo
   |             |  |   |      |  |  |   |      /236  |   |                                                               \--------230
   |             |  |   |      |  |  |   |      |  |  |   |                                                                          \--- C711Tetela
   |             |  |   |      |  |  |   |      |  |  |   |
   |             |  |   |      |  |  |   |      |  |  |   \------------------------------------------------------------------------------ C40DDokoDoko
   |          /252  |   |      |  |  |   |      |  |  |
   |          |  |  |   |      |  |  |   |      |  |  |                                                                              /--- C34Sakata
   |          |  |  |   |      |  |  |   |  /-238  |  \----------------------------------------------------------------------------234
   |          |  |  |   |      |  |  |   |  |   |  |                                                                                 \--- C841Lele
   |          |  |  |   |      |  |  |   |  |   |  |
   |          |  |  |   |      |  |  |   |  |   |  \------------------------------------------------------------------------------------- H31Yaka
   |          |  |  |   |      |  |  |   |  |   |
   |          |  |  |   |      |  |  |   |  |   |                                                                                    /--- H312YakaKasongo
   |          |  |  |   |  /-247  |  |   |  |   \----------------------------------------------------------------------------------237
   |          |  |  |   |  |   |  |  |   \242                                                                                        \--- H314Yaka
   |          |  |  |   |  |   |  |  |      |
   |          |  |  |   |  |   |  |  |      |                                                                                        /--- H12b1Yombe
   |          |  |  |   |  |   |  |  |      |                                                                                    /-239
   |          |  |  |   |  |   |  |  |      |                                                                                    |   \--- H32Suku
   |          |  |  |   |  |   |  |  |      |                                                                                 /240
   |          |  |  |   |  |   |  |  |      \-------------------------------------------------------------------------------241  \------- H16hSikongo
   |          |  |  |   |  |   |  |  |                                                                                        |
   |          |  |  |   |  |   |  |  |                                                                                        \---------- H16i4Sundi
   |      /-253  |  |   \249   |  |  |
   |      |   |  |  |      |   |  |  \--------------------------------------------------------------------------------------------------- B80Mp1Madzing
   |      |   |  |  |      |   |  |
   |      |   |  |  |      |   |  \------------------------------------------------------------------------------------------------------ B63Ndumo
   |      |   |  |  |      |   |
   |      |   |  |  |      |   |                                                                                                     /--- B251Kota
   |      |   |  |  |      |   \---------------------------------------------------------------------------------------------------246
   |      |   |  |  |      |                                                                                                         \--- B43Punu
   |      |   |  |  |      |
   |      |   |  |  |      |                                                                                                         /--- B84Mpuono
   |   /255   |  |  |      \-------------------------------------------------------------------------------------------------------248
   |   |  |   |  |  |                                                                                                                \--- B85Yanz
   |   |  |   |  |  |
   |   |  |   |  |  \-------------------------------------------------------------------------------------------------------------------- A72Ewondo
   |   |  |   |  |
   |   |  |   |  \----------------------------------------------------------------------------------------------------------------------- A34Benga
   \-256  |   |
       |  |   \-------------------------------------------------------------------------------------------------------------------------- A751FangMakina
       |  |
       |  |                                                                                                                          /--- A321Puku
       |  \------------------------------------------------------------------------------------------------------------------------254
       |                                                                                                                             \--- A43bBakoko
       |
       \--------------------------------------------------------------------------------------------------------------------------------- A31Bubi

Apomorphy lists:

       Branch                    Character  Steps      CI   Change
------------------------------------------------------------------
node_257 --> 800Ejagham          1              1   1.000  A --> Z
node_250 --> node_249            1              1   1.000  A ==> B
node_243 --> node_242            1              1   1.000  B ==> H
node_236 --> node_235            1              1   1.000  H ==> C
node_226 --> node_225            1              1   1.000  C ==> D
node_195 --> node_194            1              1   1.000  D --> K
node_155 --> node_154            1              1   1.000  K ==> R
node_191 --> node_190            1              1   1.000  K --> M
node_175 --> node_174            1              1   1.000  M ==> S
node_189 --> node_188            1              1   1.000  M ==> N
node_182 --> node_181            1              1   1.000  N ==> P
node_194 --> node_193            1              1   1.000  K --> Y
node_221 --> node_220            1              1   1.000  D ==> J
node_215 --> node_211            1              1   1.000  J --> F
node_211 --> node_208            1              1   1.000  F --> G
node_201 --> node_200            1              1   1.000  G ==> E

paup> Log start;

paup> exit;
