
P A U P *
Version 4.0a (build 159) for Macintosh (X86) (built on Nov 17 2017 at 08:59:52)

Running on IA-32 architecture (64-bit word length)
SSE vectorization enabled
SSSE3 instructions supported
Multithreading enabled for likelihood using Pthreads
Compiled using Intel compiler (icc) 11.1.0 (build 20091012)

        -----------------------------NOTICE-----------------------------
          This is an alpha-test version that is still changing rapidly.
          It will expire on 1 Apr 2018.

          Please report bugs to dave@phylosolutions.com
        ----------------------------------------------------------------

Processing of file "~/Dropbox (UNC Charlotte)/Bantu_CombinedData_dan/sixthtryonetree/sixthtry-y/my_100repEfi_trees_GuthrieZones.root800jaghams6trybesty.nex"
begins...

Warning! The following name has been assigned to more than one taxon:
         L342HembaMambwe

Data matrix has 130 taxa, 1 character
Valid character-state symbols: 0123456789ABCDEFGHJKMNPQRSTUVWXYZ
Missing data identified by '?'
Gaps identified by '-'

Warning! The following name has been assigned to more than one taxon:
         L342HembaMambwe

Character types changed:
  Of 1 total characters:
    All characters are of type 'unord'

*** Skipping "MESQUITECHARMODELS" block

1 tree read from TREES block; time used = 0.00 sec (CPU time = 0.00 sec)

Note: Input trees are rooted but current criterion and/or option settings would specify unrooted trees.  (You can deroot the trees using the 'DerootTrees'
      command.)

*** Skipping "MESQUITE" block

Processing of input file "my_100repEfi_trees_GuthrieZones.root800jaghams6trybesty.nex" completed.

paup> outgroup 800Ejagham /only;

Outgroup status changed:
  1 taxon transferred to outgroup
  Total number of taxa now in outgroup = 1
  Number of ingroup taxa = 129

paup> describetrees 1/ root=outgroup apolist=yes;

Tree description:

  Optimality criterion = parsimony
    Character-status summary:
      Of 1 total characters:
        All characters are of type 'unord'
        All characters have equal weight
        All characters are parsimony-informative
    Gaps are treated as "missing"
    Character-state optimization: Accelerated transformation (ACCTRAN)
                                  AncStates = "standard"

Tree 1 ("Imported tree 1"):

Tree length = 16
Consistency index (CI) = 1.0000
Homoplasy index (HI) = 0.0000
Retention index (RI) = 1.0000
Rescaled consistency index (RC) = 1.0000

   /------------------------------------------------------------------------------------------------------------------------------------- 800Ejagham
   |
   |            /------------------------------------------------------------------------------------------------------------------------ A242Duala
   |            |
   |            |                                                                                                                    /--- A751Fang
   |            |  /---------------------------------------------------------------------------------------------------------------131
   |            |  |                                                                                                                 \--- A751FangMakina
   |            |  |
   |            |  |   /----------------------------------------------------------------------------------------------------------------- A75Fang2dMake
   |            |  |   |
   |            |  |   |     /----------------------------------------------------------------------------------------------------------- B11aMpongwe
   |            |  |   |     |
   |            |  |   |     |         /------------------------------------------------------------------------------------------------- B11cGalwa
   |            |  |   |     |         |
   |            |  |   |     |         |                                                                                          /------ B41Shira
   |            |  |   |     |         |                                                                                          |
   |            |  |   |     |         |     /----------------------------------------------------------------------------------133  /--- B43Punu
   |            |  |   |     |         |     |                                                                                    \132
   |            |  |   |     |         |     |                                                                                       \--- B521Nzebi
   |            |  |   |     |         |     |
   |            |  |   |     |         |     |                                                                       /------------------- C13Mbati
   |            |  |   |     |         |     |                                                                       |
   |            |  |   |     |         |     |                                                                       |               /--- C36Lingala
   |            |  |   |     |         |     |                                                                       |        /----134
   |            |  |   |     |         |     |                                                                       |        |      \--- C613Mongo
   |         /251  |   |     |         |     |                                                                       |        |
   |         |  |  |   |     |         |     |                                                                       |     /138      /--- C55Kele
   |         |  |  |   |     |         |     |                                                                   /-141     |  |   /135
   |         |  |  |   |     |         |     |                                                                   |   |     |  |   |  \--- C75Kela
   |         |  |  |   |     |         |     |                                                                   |   |     |  \-137
   |         |  |  |   |     |         |     |                                                                   |   |  /139      |  /--- C611MongoNkundo
   |         |  |  |   |     |         |     |                                                                   |   |  |  |      \136
   |         |  |  |   |     |         |     |                                                                   |   |  |  |         \--- C841Lele
   |         |  |  |   |     |         |     |                                                                   |   \140  |
   |         |  |  |   |     |         |     |                   /---------------------------------------------145      |  \------------- C57Likile
   |         |  |  |   |     |         |     |                   |                                               |      |
   |         |  |  |   |     |         |     |                   |                                               |      \---------------- C51Mbesa
   |         |  |  |   |     |         |     |                   |                                               |
   |         |  |  |   |     |         |     |                   |                                               |                   /--- C34Sakata
   |         |  |  |   |     |         |     |                   |                                               |                /142
   |         |  |  |   |     |         |     |                   |                                               |                |  \--- C41Ngombe
   |         |  |  |   |     |         |     |                   |                                               |            /-143
   |         |  |  |   |     |         |     |                   |                                               \----------144   \------ C711Tetela
   |         |  |  |   |     |         |     |                   |                                                            |
   |         |  |  |   |     |         |     |                   |                                                            \---------- C40DDokoDoko
   |         |  |  |   |     |         |     |                   |
   |         |  |  |   |     |         |     |                   |                                                                   /--- D10SSonge
   |         |  |  |   |     |         |     |                   |                                                                /146
   |         |  \250   |     |         |     |                   |                                                                |  \--- D372Kumu
   |         |     |   |     |         |     |                   |                                                            /-147
   |         |     |   |     |         |     |                   |                                                         /148   \------ D253Lega
   |         |     |   |     |         |     |                   |                                                         |  |
   |         |     |   |     |         |     |                   |  /----------------------------------------------------149  \---------- D322Bira
   |         |     |   |     |         |     |                   |  |                                                      |
   |         |     |   |     |         |     |                   |  |                                                      \------------- D241Binja
   |         |     |   |     |         |     |                   |  |
   |         |     |   |     |         |     |                   |  |                                                   /---------------- E51Gikuyu
   |         |     |   |     |         |     |                   |  |                                                   |
   |         |     |   |     |         |     |                   |  |                                                   |     /---------- E55Kamba
   |         |     |   |     |         |     |                   |  |                                                   |     |
   |         |     |   |     |         |     |                   |  |                                                /154  /152      /--- E621Caga
   |         |     |   |     |         |     |                   |  |                                                |  |  |  |   /150
   |         |     |   |     |         |     |                   |  |                                                |  |  |  |   |  \--- E731Digo
   |         |     |   |     |         |     |                   |  |                                                |  \153  \-151
   |         |     |   |     |         |     |                /227  |                                                |     |      \------ E711Pokomo
   |         |     |   |     |         |     |                |  |  |                                                |     |
   |         |     |   |     |         |     |                |  |  |                                            /-158     \------------- E72a1Giryama
   |         |     |   |     |         |     |                |  |  |                                            |   |
   |         |     |   |     |         |     |                |  |  |                                            |   |               /--- G11Gogo
   |         |     |   |     |         |     |                |  |  |                                            |   |            /155
   |         |     |   |     |         |     |                |  |  |                                            |   |            |  \--- G31Zigula
   |         |     |   |     |         |     |                |  |  |                                            |   |        /-156
   |         |     |   |     |         |     |                |  |  |                                         /161   \------157   \------ G43cHadimu
   |         |     |   |     |         |     |                |  |  |                                         |  |            |
   |         |     |   |     |         |     |                |  |  |                                         |  |            \---------- G34Ngulu
   |         |     |   |     |         |     |                |  |  |                                         |  |
   |         |     |   |     |         |     |                |  |  |                                         |  |                   /--- G22Pare
   |         |     |   |     |         |     |                |  |  |                                      /162  |                /159
   |         |     |   |     |         |     |                |  |  |                                      |  |  |                |  \--- G23Shambala
   |         |     |   |     |         |     |                |  |  |                                      |  |  \--------------160
   |         |     |   |     |         |     |                |  |  |                                      |  |                   \------ G35Luguru
   |         |     |   |     |         |     |                |  |  |                                      |  |
   |         |     |   |     |         |     |                |  |  |                                   /165  \-------------------------- G12Kaguru
   |         |     |   |     |         |     |                |  |  |                                   |  |
   |         |     |   |     |         |     |                |  |  |                                   |  |                         /--- F21Sukuma
   |         |     |   |     |         |     |                |  |  |                                   |  |                      /163
   |         |     |   |     |         |     |                |  |  |                               /-166  |                      |  \--- F22Nyamwezi
   |         |     |   |     |         |     |                |  |  |                               |   |  \--------------------164
   |         |     |   |     |         |     |                |  |  |                               |   |                         \------ F23Sumbwa
   |         |     |   |     |         |     |                |  |  |                            /167   |
   |         |     |   |     |         |     |                |  |  |                            |  |   \-------------------------------- J22HHaya
   |         |     \-249     |      /237     |                |  |  |                         /168  |
   |         |         |     |      |  |     |                |  |  |                         |  |  \------------------------------------ J15Ganda
   |         |         |     |      |  |     |                |  \226                         |  |
   |         |         |     |      |  |     |                |     |                      /171  \--------------------------------------- J16Soga
   |         |         |     |      |  |     |                |     |                      |  |
   |         |         |     |      |  |     |                |     |                      |  |                                   /------ J23Zinza
   |         |         |     |      |  |     |                |     |                      |  |                                   |
   |         |         |     |      |  |     |                |     |                  /-172  \---------------------------------170  /--- J611Rwanda
   |         |         |     |      |  |     |                |     |                  |   |                                      \169
   |         |         |     |      |  |     |                |     |                  |   |                                         \--- J62Rundi
   |         |         |     |      |  |     |                |     |               /173   |
   |         |         |     |      |  |     |                |     |               |  |   \--------------------------------------------- J13Hima
   |         |         |     |      |  |     |                |     |               |  |
   |         |         |  /244      |  |     |                |     |  /----------174  \------------------------------------------------- J53Shi
   |         |         |  |  |      |  |     |                |     |  |            |
   |         |         |  |  |      |  |     |                |     |  |            \---------------------------------------------------- J51Hunde
   |         |         |  |  |      |  |     |                |     |  |
   |         |         |  |  |      |  |     |                |     |  |                                                             /--- K11Ciokwe
   |         |         |  |  |      |  |     |                |     |  |                                                          /175
   |         |         |  |  |      |  |     |                |     |  |                                                          |  \--- K222LundaMwinilunga
-257         |         |  |  |      |  |     |                |     |  |                                             /----------176
   |         |         |  |  |      |  |     |                |     |  |                                             |            \------ K33Kwangali
   |         |         |  |  |      |  |     |                |     |  |                                             |
   |         |         |  |  |      |  |     |                |     |  |                                             |        /---------- K141Lwena
   |         |         |  |  |      |  |  /235                |     |  |                                             |        |
   |         |         |  |  |      |  |  |  |                |     |  |                                             |     /179      /--- K14Lwena
   |         |         |  |  |      |  |  |  |                |     |  |                                             |     |  |   /177
   |         |         |  |  |      |  |  |  |                |     |  |                                             |     |  |   |  \--- K31Luyi
   |         |         |  |  |      |  |  |  |                |     |  |                                         /-187     |  \-178
   |         |         |  |  |      |  |  |  |                |     |  |                                         |   |     |      \------ K221Ndembu
   |         |         |  |  |      |  |  |  |                |     |  |                                         |   |  /183
   |         |         |  |  |      |  |  |  |                |     |  |                                         |   |  |  |         /--- R111Umbundu
   |         |         |  |  |      |  |  |  |                |     |  |                                         |   |  |  |      /180
   |         |         |  |  |      |  |  |  |                |     |  |                                         |   |  |  |      |  \--- R31Herero
   |         |         |  |  |      |  |  |  |                |     |  |                                         |   |  |  \----182
   |         |         |  |  |      |  |  |  |                |     |  |                                         |   |  |         |  /--- R21Kwanyama
   |         |         |  |  |      |  |  |  |                |     |  |                                      /188   \186         \181
   |         |         |  |  |      |  |  |  |                |     |  |                                      |  |      |            \--- R22Ndonga
   |         |         |  |  |      |  |  |  |                |     |  |                                      |  |      |
   |         |         |  |  |      |  |  |  |                |     |  |                                      |  |      |            /--- K15Mbunda
   |         |         |  |  |      |  |  |  |                |     |  |                                      |  |      |         /184
   |         |         |  |  |      |  |  |  |                |     |  |                                      |  |      |         |  \--- K19Gangela
   |         |         |  |  |      |  |  |  |                |     |  |  /---------------------------------190  |      \-------185
   |         |         |  |  |      |  |  |  |                |     |  |  |                                   |  |                \------ K41Totela
   |      /252         |  |  |      |  |  |  |                |     \225  |                                   |  |
   |      |  |         |  |  |      |  |  |  |                |        |  |                                   |  \----------------------- L42Kaonde
   |      |  |         |  |  |      |  |  |  |            /-229        |  |                                   |
   |      |  |         |  |  |      |  |  |  |            |   |        |  |                                   |                      /--- L342Hembamambwe
   |      |  |         |  |  |      |  |  |  |            |   |        |  |                                   \--------------------189
   |      |  |         |  |  |      |  |  |  |            |   |        |  |                                                          \--- L62Nkoya
   |      |  |         |  |  |      |  |  |  |            |   |        |  |
   |      |  |         |  |  |      |  |  |  |            |   |        |  |            /------------------------------------------------- M15Mambwe
   |      |  |         |  |  |      |  |  |  |            |   |        |  |            |
   |      |  |         |  |  |      |  |  |  |            |   |        |  |            |                                          /------ M312Nyakyusa
   |      |  |         |  |  |      |  |  |  |            |   |        |  |            |                                          |
   |      |  |         |  |  |      |  |  |  |            |   |        |  |            |                                      /-192  /--- M61Lenje
   |      |  |         |  |  |      |  |  |  |            |   |        |  |            |                                      |   \191
   |      |  |         |  |  |      |  |  |  |            |   |        |  |            |                                   /193      \--- M641Tonga
   |      |  |         |  |  |      |  |  |  |            |   |        |  |            |                                   |  |
   |      |  |         |  |  |      |  |  |  |            |   |        |  |            |   /-----------------------------194  \---------- M54Lamba
   |      |  |         |  |  |      |  |  |  |            |   |        |  |            |   |                               |
   |      |  |         |  |  |      |  |  |  |            |   |        |  |            |   |                               \------------- M43Aushi
   |      |  |         |  |  |      |  |  |  |            |   |        |  |            |   |
   |      |  |         |  |  |      |  |  |  |            |   |        |  |         /211   |               /----------------------------- S10Shona
   |      |  |         |  |  |      |  |  |  |            |   |        |  |         |  |   |               |
   |      |  |         |  |  |      |  |  |  |            |   |        |  |         |  |   |               |  /-------------------------- S15Ndau
   |      |  |         |  |  |      |  |  |  |            |   |        |  |         |  |   |               |  |
   |      |  |         |  |  |      |  |  |  |            |   |        |  |         |  |   |               |  |            /------------- S16Kalanga
   |      |  |         |  |  |      |  |  |  |            |   |        |  |         |  |   |            /204  |            |
   |      |  |         |  |  |      |  |  |  |            |   |        |  |         |  |   |            |  |  |            |         /--- S33Sotho
   |      |  |         |  |  |  /-242  |  |  |            |   |        |  |         |  |   |            |  |  |         /198      /195
   |      |  |         |  |  |  |   |  |  |  |            |   |        |  |         |  |   |            |  |  |         |  |      |  \--- S45Ngoni
   |      |  |         |  |  |  |   |  |  |  |            |   |        |  |         |  |   |            |  \203         |  |  /-196
   |      |  |         |  |  |  |   |  |  |  |            |   |        |  |         |  |   |            |     |         |  \197   \------ S34Lozi
   |      |  |         |  |  |  |   |  |  |  |            |   |        |  |         |  \-210            |     |      /199     |
   |      |  |         |  |  |  |   |  |  |  |            |   |        \224         |      |            |     |      |  |     \---------- S44Ndebele
   |      |  |         |  |  |  |   |  |  |  |            |   |           |         |      |            |     |      |  |
   |      |  |         |  |  |  |   |  |  |  |            |   |           |         |      |        /-206     |  /-201  \---------------- S31Tswana
   |      |  |         |  |  |  |   |  |  |  |            |   |           |         |      |        |   |     |  |   |
   |      |  |         |  |  |  |   |  \236  |            |   |           |         |      |        |   |     |  |   |               /--- S31dKhalaxadi
   |      |  |         |  |  |  |   |     |  |            |   |           |         |      |        |   |     \202   \-------------200
   |      |  |         |  |  |  |   |     |  |            |   |           |         |      |        |   |        |                   \--- S43Swati
   |      |  |         \248  |  |   |     |  |            |   |           |      /220      |        |   |        |
   |      |  |            |  |  |   |     |  |            |   |           |      |  |      |     /207   |        \----------------------- S54Ronga
   |      |  |            |  |  |   |     |  |            |   |           |      |  |      |     |  |   |
   |      |  |            |  |  |   |     |  |         /231   |           |      |  |      |     |  |   |                            /--- S21Venda
   |      |  |            |  |  |   |     |  |         |  |   |           |      |  |      |     |  |   \--------------------------205
   |      |  |            |  |  |   |     |  |         |  |   |           |      |  |      |  /208  |                                \--- S41Xhosa
   |      |  |            |  |  |   |     |  |         |  |   |           |      |  |      |  |  |  |
   |      |  |            |  |  |   |     |  |         |  |   |           |      |  |      |  |  |  \------------------------------------ S42Zulu
   |      |  |            |  |  |   |     |  |         |  |   |           |      |  |      \209  |
   |      |  |            |  |  |   |     |  |         |  |   |           |      |  |         |  \--------------------------------------- S53Tsonga
   |      |  |            |  |  |   |     |  |         |  |   |           |      |  |         |
   |      |  |            |  |  |   |     |  |         |  |   |           |      |  |         \------------------------------------------ S51Tswa
   |      |  |            |  |  |   |     |  |         |  |   |           |      |  |
   |      |  |            |  |  |   |     |  |         |  |   |           |      |  |                                /------------------- N212Tumbuka
   |      |  |            |  |  |   |     |  |         |  |   |           |      |  |                                |
   |      |  |            |  |  |   |     |  |         |  |   |           |      |  |                                |               /--- N31aNyanja
   |      |  |            |  |  |   |     |  |         |  |   |           |   /222  |                                |            /212
   |      |  |            |  |  |   |     |  |         |  |   |           |   |  |  |                                |            |  \--- N44Sena
   |      |  |            |  |  |   |     |  |         |  |   |           |   |  |  |                                |        /-214
   |  /-253  |            |  |  |   |     |  |         |  |   |           |   |  |  |                                |        |   |  /--- P212Yao
   |  |   |  |            |  |  |   |     |  |         |  |   |           |   |  |  \------------------------------219        |   \213
   |  |   |  |            |  |  |   |     |  |         |  |   |           |   |  |                                   |     /215      \--- P311Makwa
   |  |   |  |            |  |  |   |     |  |         |  |   |           |   |  |                                   |     |  |
   |  |   |  |            |  |  |   |     |  |         |  |   |           |   |  |                                   |  /217  \---------- N41Senga
   |  |   |  |            |  |  |   |     |  |      /232  |   |           |   |  |                                   |  |  |
   |  |   |  |            |  \243   |     |  |      |  |  |   |           |   |  |                                   |  |  |         /--- N31bCewa
   |  |   |  |            |     |   |     |  |      |  |  |   |           \-223  |                                   \218  \-------216
   |  |   |  |            |     |   |     |  |      |  |  |   |               |  |                                      |            \--- N42Kunda
   |  |   |  |            |     |   |     |  |      |  |  |   |               |  |                                      |
   |  |   |  |            |     |   |     |  |      |  |  |   |               |  |                                      \---------------- N31Nyasa
   |  |   |  |            |     |   |     |  |      |  |  |   |               |  |
   |  |   |  |            |     |   |     |  |      |  |  |   |               |  |                                                   /--- M42Bemba
   |  |   |  |            |     |   |     |  |      |  |  |   |               |  \-------------------------------------------------221
   |  |   |  |            |     |   |     |  |      |  |  |   |               |                                                      \--- M52Lala
   |  |   |  |            |     |   |     |  |      |  |  |   |               |
   |  |   |  |            |     |   |     |  |      |  |  |   |               \---------------------------------------------------------- M64Tonga
   |  |   |  |            |     |   |     |  |   /233  |  |   |
   |  |   |  |            |     |   |     |  |   |  |  |  |   |                                                                      /--- H16hSikongo
   |  |   |  |            |     |   |     |  |   |  |  |  |   \--------------------------------------------------------------------228
   |  |   |  |            |     |   |     |  |   |  |  |  |                                                                          \--- H314Yaka
   |  |   |  |            |     |   |     |  |   |  |  |  |
   |  |   |  |            |     |   |     |  |   |  |  |  |                                                                          /--- H312YakaKasongo
   |  |   |  |            |     |   |     |  \-234  |  |  \------------------------------------------------------------------------230
   |  |   |  |            |     |   |     |      |  |  |                                                                             \--- H32Suku
   |  |   |  |            |     |   |     |      |  |  |
   |  |   |  |            |     |   |     |      |  |  \--------------------------------------------------------------------------------- H12b1Yombe
   |  |   |  |            |     |   |     |      |  |
   |  |   |  |            |     |   |     |      |  \------------------------------------------------------------------------------------ H16i4Sundi
   |  |   |  |            |     |   |     |      |
   \256   |  |            |     |   |     |      \--------------------------------------------------------------------------------------- H31Yaka
      |   |  |            |     |   |     |
      |   |  |            |     |   |     \---------------------------------------------------------------------------------------------- B85Yanz
      |   |  |            |     |   |
      |   |  |            |     |   |                                                                                                /--- B251Kota
      |   |  |            |     |   |                                                                                             /238
      |   |  |            |     |   |                                                                                             |  \--- B63Ndumo
      |   |  |            |     |   |                                                                                         /-239
      |   |  |            |     |   |                                                                                         |   \------ B62Mbamba
      |   |  |            |     |   \---------------------------------------------------------------------------------------241
      |   |  |            |     |                                                                                             |      /--- B51Duma
      |   |  |            |     |                                                                                             \----240
      |   |  |            |     |                                                                                                    \--- B80Mp1Madzing
      |   |  |            |     |
      |   |  |            |     \-------------------------------------------------------------------------------------------------------- B25Kota
      |   |  |            |
      |   |  |            |                                                                                                          /--- B27Sake
      |   |  |            |                                                                                                       /245
      |   |  |            |                                                                                                       |  \--- B735Teke
      |   |  |            |                                                                                                   /-246
      |   |  |            \-------------------------------------------------------------------------------------------------247   \------ B31Tsogo
      |   |  |                                                                                                                |
      |   |  |                                                                                                                \---------- B84Mpuono
      |   |  |
      |   |  \--------------------------------------------------------------------------------------------------------------------------- A72Ewondo
      |   |
      |   \------------------------------------------------------------------------------------------------------------------------------ A31Bubi
      |
      |                                                                                                                              /--- A321Puku
      |                                                                                                                           /254
      |                                                                                                                           |  \--- A34Benga
      \-------------------------------------------------------------------------------------------------------------------------255
                                                                                                                                  \------ A43bBakoko

Apomorphy lists:

       Branch                    Character  Steps      CI   Change
------------------------------------------------------------------
node_257 --> 800Ejagham          1              1   1.000  A --> Z
node_249 --> node_248            1              1   1.000  A ==> B
node_235 --> node_234            1              1   1.000  B ==> H
node_229 --> node_227            1              1   1.000  H --> C
node_227 --> node_226            1              1   1.000  C --> D
node_226 --> node_225            1              1   1.000  D --> J
node_166 --> node_165            1              1   1.000  J --> F
node_165 --> node_162            1              1   1.000  F --> G
node_158 --> node_154            1              1   1.000  G ==> E
node_225 --> node_224            1              1   1.000  J --> M
node_224 --> node_190            1              1   1.000  M --> Y
node_188 --> node_187            1              1   1.000  Y ==> K
node_183 --> node_182            1              1   1.000  K ==> R
node_210 --> node_209            1              1   1.000  M ==> S
node_220 --> node_219            1              1   1.000  M ==> N
node_214 --> node_213            1              1   1.000  N ==> P

paup> Log start;
